Fri Apr 22 15:22:26 UTC 2022: 
 treemap.c | 6 +++---
 1 file changed, 3 insertions(+), 3 deletions(-)
In file included from test.c:4:0:
treemap.c: In function ‘createTreeMap’:
treemap.c:41:23: error: ‘lt’ undeclared (first use in this function)
     map->lower_than = lt
                       ^~
treemap.c:41:23: note: each undeclared identifier is reported only once for each function it appears in
treemap.c:42:5: error: expected ‘;’ before ‘return’
     return TreeMap;
     ^~~~~~
treemap.c:43:1: error: control reaches end of non-void function [-Werror=return-type]
 }
 ^
cc1: all warnings being treated as errors
Compilation failed
8f3d4a3
Fri Apr 22 15:22:43 UTC 2022: 
 treemap.c | 2 +-
 1 file changed, 1 insertion(+), 1 deletion(-)
In file included from test.c:4:0:
treemap.c: In function ‘createTreeMap’:
treemap.c:42:12: error: expected expression before ‘TreeMap’
     return TreeMap;
            ^~~~~~~
treemap.c:43:1: error: control reaches end of non-void function [-Werror=return-type]
 }
 ^
cc1: all warnings being treated as errors
Compilation failed
a898d34
Fri Apr 22 15:22:55 UTC 2022: 
 treemap.c | 2 +-
 1 file changed, 1 insertion(+), 1 deletion(-)
 tests:  4|7
total_score: 5/70
d974c5e
Fri Apr 22 15:24:57 UTC 2022: 
 treemap.c | 3 ++-
 1 file changed, 2 insertions(+), 1 deletion(-)
 tests:  4|7
total_score: 5/70
6df0209
Fri Apr 22 15:29:46 UTC 2022: 
 treemap.c | 7 ++++---
 1 file changed, 4 insertions(+), 3 deletions(-)
In file included from test.c:4:0:
treemap.c: In function ‘searchTreeMap’:
treemap.c:74:20: error: initialization from incompatible pointer type [-Werror=incompatible-pointer-types]
   TreeMap* buscado=tree->root;
                    ^~~~
treemap.c:74:12: error: unused variable ‘buscado’ [-Werror=unused-variable]
   TreeMap* buscado=tree->root;
            ^~~~~~~
cc1: all warnings being treated as errors
Compilation failed
fac73a4
Fri Apr 22 15:37:47 UTC 2022: 
 treemap.c | 23 +++++++++++++++++++++--
 1 file changed, 21 insertions(+), 2 deletions(-)
In file included from test.c:4:0:
treemap.c: In function ‘searchTreeMap’:
treemap.c:74:20: error: initialization from incompatible pointer type [-Werror=incompatible-pointer-types]
   TreeMap* buscado=tree->root;
                    ^~~~
treemap.c:75:13: error: expected ‘)’ before ‘tree’
   (TreeMap* tree, void* key1, void* key2){
             ^~~~
treemap.c:76:3: error: expected expression before ‘while’
   while(is_equal(tree,key,buscado->key =! 0)
   ^~~~~
test.c:606:1: error: expected declaration or statement at end of input
 }
 ^
In file included from test.c:4:0:
treemap.c:74:12: error: unused variable ‘buscado’ [-Werror=unused-variable]
   TreeMap* buscado=tree->root;
            ^~~~~~~
test.c:606:1: error: control reaches end of non-void function [-Werror=return-type]
 }
 ^
cc1: all warnings being treated as errors
Compilation failed
b50828f
Fri Apr 22 15:38:01 UTC 2022: 
 treemap.c | 1 -
 1 file changed, 1 deletion(-)
In file included from test.c:4:0:
treemap.c: In function ‘searchTreeMap’:
treemap.c:74:20: error: initialization from incompatible pointer type [-Werror=incompatible-pointer-types]
   TreeMap* buscado=tree->root;
                    ^~~~
treemap.c:75:34: error: ‘TreeMap {aka struct TreeMap}’ has no member named ‘key’
   while(is_equal(tree,key,buscado->key =! 0)
                                  ^~
treemap.c:76:3: error: expected ‘)’ before ‘{’ token
   {
   ^
treemap.c:95:1: error: expected expression before ‘}’ token
 }
 ^
treemap.c:95:1: error: control reaches end of non-void function [-Werror=return-type]
 }
 ^
cc1: all warnings being treated as errors
Compilation failed
b85ba58
Fri Apr 22 15:38:40 UTC 2022: 
 treemap.c | 2 +-
 1 file changed, 1 insertion(+), 1 deletion(-)
In file included from test.c:4:0:
treemap.c: In function ‘searchTreeMap’:
treemap.c:75:34: error: ‘TreeNode {aka struct TreeNode}’ has no member named ‘key’
   while(is_equal(tree,key,buscado->key =! 0)
                                  ^~
treemap.c:76:3: error: expected ‘)’ before ‘{’ token
   {
   ^
treemap.c:95:1: error: expected expression before ‘}’ token
 }
 ^
treemap.c:95:1: error: control reaches end of non-void function [-Werror=return-type]
 }
 ^
cc1: all warnings being treated as errors
Compilation failed
bab59b2
Fri Apr 22 15:39:16 UTC 2022: 
 treemap.c | 5 +++--
 1 file changed, 3 insertions(+), 2 deletions(-)
In file included from test.c:4:0:
treemap.c: In function ‘searchTreeMap’:
treemap.c:76:34: error: ‘TreeNode {aka struct TreeNode}’ has no member named ‘key’
   while(is_equal(tree,key,buscado->key =! 0))
                                  ^~
treemap.c:78:20: error: ‘TreeNode {aka struct TreeNode}’ has no member named ‘key’
     if(key==buscado->key)
                    ^~
treemap.c:81:14: error: return makes pointer from integer without a cast [-Werror=int-conversion]
       return 1;
              ^
treemap.c:85:21: error: ‘TreeNode {aka struct TreeNode}’ has no member named ‘key’
       if(key>buscado->key)
                     ^~
cc1: all warnings being treated as errors
Compilation failed
a03e596
Fri Apr 22 15:40:47 UTC 2022: 
 treemap.c | 8 +++++++-
 1 file changed, 7 insertions(+), 1 deletion(-)
In file included from test.c:4:0:
treemap.c: In function ‘searchTreeMap’:
treemap.c:82:34: error: ‘TreeNode {aka struct TreeNode}’ has no member named ‘key’
   while(is_equal(tree,key,buscado->key == 0))
                                  ^~
treemap.c:84:20: error: ‘TreeNode {aka struct TreeNode}’ has no member named ‘key’
     if(key==buscado->key)
                    ^~
treemap.c:87:14: error: return makes pointer from integer without a cast [-Werror=int-conversion]
       return 1;
              ^
treemap.c:91:21: error: ‘TreeNode {aka struct TreeNode}’ has no member named ‘key’
       if(key>buscado->key)
                     ^~
cc1: all warnings being treated as errors
Compilation failed
c4ef5c3
Fri Apr 22 15:41:46 UTC 2022: 
 treemap.c | 2 +-
 1 file changed, 1 insertion(+), 1 deletion(-)
In file included from test.c:4:0:
treemap.c: In function ‘searchTreeMap’:
treemap.c:82:30: error: ‘TreeNode {aka struct TreeNode}’ has no member named ‘key’
   while(is_equal(tree,buscado->key,key == 0))
                              ^~
treemap.c:82:36: error: passing argument 3 of ‘is_equal’ makes pointer from integer without a cast [-Werror=int-conversion]
   while(is_equal(tree,buscado->key,key == 0))
                                    ^~~
treemap.c:22:5: note: expected ‘void *’ but argument is of type ‘int’
 int is_equal(TreeMap* tree, void* key1, void* key2){
     ^~~~~~~~
treemap.c:84:20: error: ‘TreeNode {aka struct TreeNode}’ has no member named ‘key’
     if(key==buscado->key)
                    ^~
treemap.c:87:14: error: return makes pointer from integer without a cast [-Werror=int-conversion]
       return 1;
              ^
treemap.c:91:21: error: ‘TreeNode {aka struct TreeNode}’ has no member named ‘key’
       if(key>buscado->key)
                     ^~
cc1: all warnings being treated as errors
Compilation failed
40737cf
Fri Apr 22 15:42:14 UTC 2022: 
 treemap.c | 2 +-
 1 file changed, 1 insertion(+), 1 deletion(-)
In file included from test.c:4:0:
treemap.c: In function ‘searchTreeMap’:
treemap.c:82:27: error: passing argument 3 of ‘is_equal’ makes pointer from integer without a cast [-Werror=int-conversion]
   while(is_equal(tree,key,buscado == 0))
                           ^~~~~~~
treemap.c:22:5: note: expected ‘void *’ but argument is of type ‘int’
 int is_equal(TreeMap* tree, void* key1, void* key2){
     ^~~~~~~~
treemap.c:84:20: error: ‘TreeNode {aka struct TreeNode}’ has no member named ‘key’
     if(key==buscado->key)
                    ^~
treemap.c:87:14: error: return makes pointer from integer without a cast [-Werror=int-conversion]
       return 1;
              ^
treemap.c:91:21: error: ‘TreeNode {aka struct TreeNode}’ has no member named ‘key’
       if(key>buscado->key)
                     ^~
cc1: all warnings being treated as errors
Compilation failed
5da78d3
Fri Apr 22 15:42:27 UTC 2022: 
 treemap.c | 2 +-
 1 file changed, 1 insertion(+), 1 deletion(-)
In file included from test.c:4:0:
treemap.c: In function ‘searchTreeMap’:
treemap.c:82:27: error: passing argument 3 of ‘is_equal’ makes pointer from integer without a cast [-Werror=int-conversion]
   while(is_equal(tree,key,buscado == 0))
                           ^~~~~~~
treemap.c:22:5: note: expected ‘void *’ but argument is of type ‘int’
 int is_equal(TreeMap* tree, void* key1, void* key2){
     ^~~~~~~~
treemap.c:84:20: error: ‘TreeNode {aka struct TreeNode}’ has no member named ‘key’
     if(key==buscado->key)
                    ^~
treemap.c:87:14: error: return makes pointer from integer without a cast [-Werror=int-conversion]
       return 1;
              ^
treemap.c:91:13: error: comparison of distinct pointer types lacks a cast [-Werror]
       if(key>buscado)
             ^
cc1: all warnings being treated as errors
Compilation failed
6a5e7ea
Fri Apr 22 15:42:31 UTC 2022: 
 treemap.c | 2 +-
 1 file changed, 1 insertion(+), 1 deletion(-)
In file included from test.c:4:0:
treemap.c: In function ‘searchTreeMap’:
treemap.c:82:27: error: passing argument 3 of ‘is_equal’ makes pointer from integer without a cast [-Werror=int-conversion]
   while(is_equal(tree,key,buscado == 0))
                           ^~~~~~~
treemap.c:22:5: note: expected ‘void *’ but argument is of type ‘int’
 int is_equal(TreeMap* tree, void* key1, void* key2){
     ^~~~~~~~
treemap.c:87:14: error: return makes pointer from integer without a cast [-Werror=int-conversion]
       return 1;
              ^
treemap.c:91:13: error: comparison of distinct pointer types lacks a cast [-Werror]
       if(key>buscado)
             ^
cc1: all warnings being treated as errors
Compilation failed
8243c0c
Fri Apr 22 15:45:33 UTC 2022: 
 treemap.c | 22 +++-------------------
 1 file changed, 3 insertions(+), 19 deletions(-)
In file included from test.c:4:0:
treemap.c: In function ‘searchTreeMap’:
treemap.c:81:34: error: ‘TreeNode {aka struct TreeNode}’ has no member named ‘key’
   while(is_equal(tree,key,buscado->key == 0))
                                  ^~
treemap.c:83:14: error: ‘TreeMap {aka struct TreeMap}’ has no member named ‘lovwer_than’; did you mean ‘lower_than’?
     if(tree->lovwer_than(buscado->key,key)==1)
              ^~~~~~~~~~~
              lower_than
treemap.c:83:33: error: ‘TreeNode {aka struct TreeNode}’ has no member named ‘key’
     if(tree->lovwer_than(buscado->key,key)==1)
                                 ^~
treemap.c:84:3: error: expected expression before ‘}’ token
   }
   ^
Compilation failed
5e60193
Fri Apr 22 15:45:38 UTC 2022: 
 treemap.c | 2 +-
 1 file changed, 1 insertion(+), 1 deletion(-)
In file included from test.c:4:0:
treemap.c: In function ‘searchTreeMap’:
treemap.c:81:34: error: ‘TreeNode {aka struct TreeNode}’ has no member named ‘key’
   while(is_equal(tree,key,buscado->key == 0))
                                  ^~
treemap.c:83:32: error: ‘TreeNode {aka struct TreeNode}’ has no member named ‘key’
     if(tree->lower_than(buscado->key,key)==1)
                                ^~
treemap.c:84:3: error: expected expression before ‘}’ token
   }
   ^
Compilation failed
35176e0
Fri Apr 22 15:49:06 UTC 2022: 
 treemap.c | 5 ++++-
 1 file changed, 4 insertions(+), 1 deletion(-)
In file included from test.c:4:0:
treemap.c: In function ‘searchTreeMap’:
treemap.c:81:30: error: ‘TreeNode {aka struct TreeNode}’ has no member named ‘key’
   while(is_equal(tree,buscado->key,key == 0))
                              ^~
treemap.c:81:36: error: passing argument 3 of ‘is_equal’ makes pointer from integer without a cast [-Werror=int-conversion]
   while(is_equal(tree,buscado->key,key == 0))
                                    ^~~
treemap.c:22:5: note: expected ‘void *’ but argument is of type ‘int’
 int is_equal(TreeMap* tree, void* key1, void* key2){
     ^~~~~~~~
treemap.c:83:32: error: ‘TreeNode {aka struct TreeNode}’ has no member named ‘key’
     if(tree->lower_than(buscado->key,key)== 1)
                                ^~
cc1: all warnings being treated as errors
Compilation failed
722404e
Fri Apr 22 15:49:30 UTC 2022: 
 treemap.c | 4 ++++
 1 file changed, 4 insertions(+)
In file included from test.c:4:0:
treemap.c: In function ‘searchTreeMap’:
treemap.c:81:30: error: ‘TreeNode {aka struct TreeNode}’ has no member named ‘key’
   while(is_equal(tree,buscado->key,key == 0))
                              ^~
treemap.c:81:36: error: passing argument 3 of ‘is_equal’ makes pointer from integer without a cast [-Werror=int-conversion]
   while(is_equal(tree,buscado->key,key == 0))
                                    ^~~
treemap.c:22:5: note: expected ‘void *’ but argument is of type ‘int’
 int is_equal(TreeMap* tree, void* key1, void* key2){
     ^~~~~~~~
treemap.c:83:32: error: ‘TreeNode {aka struct TreeNode}’ has no member named ‘key’
     if(tree->lower_than(buscado->key,key)== 1)
                                ^~
cc1: all warnings being treated as errors
Compilation failed
2145115
Fri Apr 22 15:50:04 UTC 2022: 
 treemap.c | 8 ++++----
 1 file changed, 4 insertions(+), 4 deletions(-)
In file included from test.c:4:0:
treemap.c: In function ‘searchTreeMap’:
treemap.c:81:30: error: ‘TreeNode {aka struct TreeNode}’ has no member named ‘key’
   while(is_equal(tree,buscado->key,key == 0))
                              ^~
treemap.c:81:36: error: passing argument 3 of ‘is_equal’ makes pointer from integer without a cast [-Werror=int-conversion]
   while(is_equal(tree,buscado->key,key == 0))
                                    ^~~
treemap.c:22:5: note: expected ‘void *’ but argument is of type ‘int’
 int is_equal(TreeMap* tree, void* key1, void* key2){
     ^~~~~~~~
treemap.c:83:32: error: ‘TreeNode {aka struct TreeNode}’ has no member named ‘key’
     if(tree->lower_than(buscado->key,key)== 1)
                                ^~
cc1: all warnings being treated as errors
Compilation failed
e4dca45
Fri Apr 22 15:50:18 UTC 2022: 
 treemap.c | 2 +-
 1 file changed, 1 insertion(+), 1 deletion(-)
In file included from test.c:4:0:
treemap.c: In function ‘searchTreeMap’:
treemap.c:81:30: error: ‘TreeNode {aka struct TreeNode}’ has no member named ‘key’
   while(is_equal(tree,buscado->key,key == 0))
                              ^~
treemap.c:81:36: error: passing argument 3 of ‘is_equal’ makes pointer from integer without a cast [-Werror=int-conversion]
   while(is_equal(tree,buscado->key,key == 0))
                                    ^~~
treemap.c:22:5: note: expected ‘void *’ but argument is of type ‘int’
 int is_equal(TreeMap* tree, void* key1, void* key2){
     ^~~~~~~~
treemap.c:83:36: error: ‘TreeNode {aka struct TreeNode}’ has no member named ‘key’
     if(tree->lower_than(key,buscado->key)== 1)
                                    ^~
cc1: all warnings being treated as errors
Compilation failed
7ba3c07
Fri Apr 22 15:52:39 UTC 2022: 
 treemap.c | 2 +-
 1 file changed, 1 insertion(+), 1 deletion(-)
In file included from test.c:4:0:
treemap.c: In function ‘searchTreeMap’:
treemap.c:81:30: error: ‘TreeNode {aka struct TreeNode}’ has no member named ‘key’
   while(is_equal(tree,buscado->key,key) == 0))
                              ^~
treemap.c:81:46: error: expected statement before ‘)’ token
   while(is_equal(tree,buscado->key,key) == 0))
                                              ^
treemap.c:83:36: error: ‘TreeNode {aka struct TreeNode}’ has no member named ‘key’
     if(tree->lower_than(key,buscado->key)== 1)
                                    ^~
Compilation failed
5125f89
Fri Apr 22 15:52:56 UTC 2022: 
 treemap.c | 2 +-
 1 file changed, 1 insertion(+), 1 deletion(-)
In file included from test.c:4:0:
treemap.c: In function ‘searchTreeMap’:
treemap.c:81:30: error: ‘TreeNode {aka struct TreeNode}’ has no member named ‘key’
   while(is_equal(tree,buscado->key,key) == 0)
                              ^~
treemap.c:83:36: error: ‘TreeNode {aka struct TreeNode}’ has no member named ‘key’
     if(tree->lower_than(key,buscado->key)== 1)
                                    ^~
Compilation failed
7cc5c18
Fri Apr 22 15:53:45 UTC 2022: 
 treemap.c | 8 ++++----
 1 file changed, 4 insertions(+), 4 deletions(-)
In file included from test.c:4:0:
treemap.c: In function ‘searchTreeMap’:
treemap.c:81:30: error: ‘TreeNode {aka struct TreeNode}’ has no member named ‘key’
   while(is_equal(tree,buscado->key,key) == 0)
                              ^~
treemap.c:83:36: error: ‘TreeNode {aka struct TreeNode}’ has no member named ‘key’
     if(tree->lower_than(key,buscado->key)== 1)
                                    ^~
Compilation failed
eb5e984
Fri Apr 22 15:54:26 UTC 2022: 
 treemap.c | 2 +-
 1 file changed, 1 insertion(+), 1 deletion(-)
In file included from test.c:4:0:
treemap.c: In function ‘searchTreeMap’:
treemap.c:81:30: error: ‘TreeNode {aka struct TreeNode}’ has no member named ‘key’
   while(is_equal(tree,buscado->key,key) == 0)
                              ^~
treemap.c:83:32: error: ‘TreeNode {aka struct TreeNode}’ has no member named ‘key’
     if(tree->lower_than(buscado->key,key)== 1)
                                ^~
Compilation failed
0d76c0a
Fri Apr 22 15:54:44 UTC 2022: 
 treemap.c | 2 +-
 1 file changed, 1 insertion(+), 1 deletion(-)
In file included from test.c:4:0:
treemap.c: In function ‘searchTreeMap’:
treemap.c:80:20: error: initialization from incompatible pointer type [-Werror=incompatible-pointer-types]
   TreeMap* buscado=tree->root;
                    ^~~~
treemap.c:81:30: error: ‘TreeMap {aka struct TreeMap}’ has no member named ‘key’
   while(is_equal(tree,buscado->key,key) == 0)
                              ^~
treemap.c:83:32: error: ‘TreeMap {aka struct TreeMap}’ has no member named ‘key’
     if(tree->lower_than(buscado->key,key)== 1)
                                ^~
treemap.c:85:22: error: ‘TreeMap {aka struct TreeMap}’ has no member named ‘left’
       buscado=buscado->left;
                      ^~
treemap.c:89:22: error: ‘TreeMap {aka struct TreeMap}’ has no member named ‘right’
       buscado=buscado->right;
                      ^~
cc1: all warnings being treated as errors
Compilation failed
498600d
Fri Apr 22 15:54:49 UTC 2022: 
 treemap.c | 2 +-
 1 file changed, 1 insertion(+), 1 deletion(-)
In file included from test.c:4:0:
treemap.c: In function ‘searchTreeMap’:
treemap.c:81:30: error: ‘TreeNode {aka struct TreeNode}’ has no member named ‘key’
   while(is_equal(tree,buscado->key,key) == 0)
                              ^~
treemap.c:83:32: error: ‘TreeNode {aka struct TreeNode}’ has no member named ‘key’
     if(tree->lower_than(buscado->key,key)== 1)
                                ^~
Compilation failed
42018cb
Fri Apr 22 15:55:00 UTC 2022: 
 treemap.c | 2 +-
 1 file changed, 1 insertion(+), 1 deletion(-)
In file included from test.c:4:0:
treemap.c: In function ‘searchTreeMap’:
treemap.c:80:17: error: initialization from incompatible pointer type [-Werror=incompatible-pointer-types]
   Pair* buscado=tree->root;
                 ^~~~
treemap.c:85:22: error: ‘Pair {aka struct Pair}’ has no member named ‘left’
       buscado=buscado->left;
                      ^~
treemap.c:89:22: error: ‘Pair {aka struct Pair}’ has no member named ‘right’
       buscado=buscado->right;
                      ^~
cc1: all warnings being treated as errors
Compilation failed
f024d57
Fri Apr 22 15:55:05 UTC 2022: 
 treemap.c | 2 +-
 1 file changed, 1 insertion(+), 1 deletion(-)
In file included from test.c:4:0:
treemap.c: In function ‘searchTreeMap’:
treemap.c:81:23: error: ‘buscado’ undeclared (first use in this function)
   while(is_equal(tree,buscado->key,key) == 0)
                       ^~~~~~~
treemap.c:81:23: note: each undeclared identifier is reported only once for each function it appears in
Compilation failed
360f806
Fri Apr 22 15:55:29 UTC 2022: 
 treemap.c | 2 +-
 1 file changed, 1 insertion(+), 1 deletion(-)
In file included from test.c:4:0:
treemap.c: In function ‘searchTreeMap’:
treemap.c:81:30: error: ‘TreeNode {aka struct TreeNode}’ has no member named ‘key’
   while(is_equal(tree,buscado->key,key) == 0)
                              ^~
treemap.c:83:32: error: ‘TreeNode {aka struct TreeNode}’ has no member named ‘key’
     if(tree->lower_than(buscado->key,key)== 1)
                                ^~
Compilation failed
d923e4f
Fri Apr 22 15:55:58 UTC 2022: 
 treemap.c | 10 +++++-----
 1 file changed, 5 insertions(+), 5 deletions(-)
In file included from test.c:4:0:
treemap.c: In function ‘searchTreeMap’:
treemap.c:81:26: error: ‘TreeNode {aka struct TreeNode}’ has no member named ‘key’
   while(is_equal(tree,aux->key,key) == 0)
                          ^~
treemap.c:83:28: error: ‘TreeNode {aka struct TreeNode}’ has no member named ‘key’
     if(tree->lower_than(aux->key,key)== 1)
                            ^~
Compilation failed
cd6d02b
Fri Apr 22 16:01:04 UTC 2022: 
 treemap.c | 4 ++++
 1 file changed, 4 insertions(+)
In file included from test.c:4:0:
treemap.c: In function ‘searchTreeMap’:
treemap.c:83:19: error: ‘map’ undeclared (first use in this function)
   int resultado = map->lower_than(aux->key,key);
                   ^~~
treemap.c:83:19: note: each undeclared identifier is reported only once for each function it appears in
treemap.c:83:38: error: ‘TreeNode {aka struct TreeNode}’ has no member named ‘key’
   int resultado = map->lower_than(aux->key,key);
                                      ^~
treemap.c:85:26: error: ‘TreeNode {aka struct TreeNode}’ has no member named ‘key’
   while(is_equal(tree,aux->key,key) == 0)
                          ^~
treemap.c:87:28: error: ‘TreeNode {aka struct TreeNode}’ has no member named ‘key’
     if(tree->lower_than(aux->key,key)== 1)
                            ^~
Compilation failed
a167586
Fri Apr 22 16:01:11 UTC 2022: 
 treemap.c | 22 +++++++++++-----------
 1 file changed, 11 insertions(+), 11 deletions(-)
In file included from test.c:4:0:
treemap.c: In function ‘searchTreeMap’:
treemap.c:83:19: error: ‘map’ undeclared (first use in this function)
   int resultado = map->lower_than(aux->key,key);
                   ^~~
treemap.c:83:19: note: each undeclared identifier is reported only once for each function it appears in
treemap.c:83:38: error: ‘TreeNode {aka struct TreeNode}’ has no member named ‘key’
   int resultado = map->lower_than(aux->key,key);
                                      ^~
Compilation failed
ffd9dd4
Fri Apr 22 16:01:28 UTC 2022: 
 treemap.c | 2 +-
 1 file changed, 1 insertion(+), 1 deletion(-)
In file included from test.c:4:0:
treemap.c: In function ‘searchTreeMap’:
treemap.c:83:19: error: ‘map’ undeclared (first use in this function)
   int resultado = map->lower_than(aux,key);
                   ^~~
treemap.c:83:19: note: each undeclared identifier is reported only once for each function it appears in
Compilation failed
67c2ad3
Fri Apr 22 16:01:58 UTC 2022: 
 treemap.c | 2 +-
 1 file changed, 1 insertion(+), 1 deletion(-)
In file included from test.c:4:0:
treemap.c: In function ‘searchTreeMap’:
treemap.c:83:19: error: ‘map’ undeclared (first use in this function)
   int resultado = map->lower_than(aux->key,aux);
                   ^~~
treemap.c:83:19: note: each undeclared identifier is reported only once for each function it appears in
treemap.c:83:38: error: ‘TreeNode {aka struct TreeNode}’ has no member named ‘key’
   int resultado = map->lower_than(aux->key,aux);
                                      ^~
Compilation failed
e249e2c
Fri Apr 22 16:02:20 UTC 2022: 
 treemap.c | 2 +-
 1 file changed, 1 insertion(+), 1 deletion(-)
In file included from test.c:4:0:
treemap.c: In function ‘searchTreeMap’:
treemap.c:83:19: error: ‘map’ undeclared (first use in this function)
   int resultado = map->lower_than(aux->key,aux);
                   ^~~
treemap.c:83:19: note: each undeclared identifier is reported only once for each function it appears in
treemap.c:83:38: error: ‘TreeNode {aka struct TreeNode}’ has no member named ‘key’
   int resultado = map->lower_than(aux->key,aux);
                                      ^~
Compilation failed
a5d4412
Fri Apr 22 16:03:32 UTC 2022: 
 treemap.c | 3 +--
 1 file changed, 1 insertion(+), 2 deletions(-)
In file included from test.c:4:0:
treemap.c: In function ‘searchTreeMap’:
treemap.c:82:13: error: unused variable ‘aux’ [-Werror=unused-variable]
   TreeNode* aux=tree->root;
             ^~~
cc1: all warnings being treated as errors
Compilation failed
f7451bc
Fri Apr 22 16:05:16 UTC 2022: 
 treemap.c | 4 ++++
 1 file changed, 4 insertions(+)
In file included from test.c:4:0:
treemap.c: In function ‘searchTreeMap’:
treemap.c:85:33: error: ‘TreeNode {aka struct TreeNode}’ has no member named ‘key’
       if(is_equal(tree, key, aux->key))
                                 ^~
treemap.c:86:3: error: expected expression before ‘}’ token
   }
   ^
Compilation failed
1aaed69
Fri Apr 22 16:09:33 UTC 2022: 
 treemap.c | 28 +++++++++++++++-------------
 1 file changed, 15 insertions(+), 13 deletions(-)
In file included from test.c:4:0:
treemap.c: In function ‘searchTreeMap’:
treemap.c:85:31: error: ‘TreeNode {aka struct TreeNode}’ has no member named ‘key’
     if(is_equal(tree, key, aux->key)==1)
                               ^~
treemap.c:91:30: error: ‘TreeNode {aka struct TreeNode}’ has no member named ‘key’
       if(tree->lower_than(aux->key,key)==1)
                              ^~
test.c:503:5: error: ‘main’ is normally a non-static function [-Werror=main]
 int main( int argc, char *argv[] ) {
     ^~~~
test.c:606:1: error: expected declaration or statement at end of input
 }
 ^
test.c:606:1: error: control reaches end of non-void function [-Werror=return-type]
 }
 ^
At top level:
test.c:503:5: error: ‘main’ defined but not used [-Werror=unused-function]
 int main( int argc, char *argv[] ) {
     ^~~~
cc1: all warnings being treated as errors
Compilation failed
27498c2
Fri Apr 22 16:11:44 UTC 2022: 
 treemap.c | 7 +++----
 1 file changed, 3 insertions(+), 4 deletions(-)
 tests:  0|0
1611407
Fri Apr 22 16:12:00 UTC 2022: 
 treemap.c | 4 ++++
 1 file changed, 4 insertions(+)
 tests:  11|6
total_score: 15/70
913356f
Fri Apr 22 16:14:24 UTC 2022: 
 treemap.c | 9 ---------
 1 file changed, 9 deletions(-)
 tests:  11|6
total_score: 15/70
0466c22
Fri Apr 22 16:20:56 UTC 2022: 
 treemap.c | 2 +-
 1 file changed, 1 insertion(+), 1 deletion(-)
 tests:  11|6
total_score: 15/70
c6d2e2e
Sat Apr 23 16:33:15 UTC 2022: 
 treemap.c | 17 ++++++++++++++++-
 1 file changed, 16 insertions(+), 1 deletion(-)
In file included from test.c:4:0:
treemap.c: In function ‘insertTreeMap’:
treemap.c:54:32: error: ‘TreeNode {aka struct TreeNode}’ has no member named ‘key’
     if(tree->lower_than(key,aux->key)==1)
                                ^~
Compilation failed
471f6a7
Sat Apr 23 16:37:25 UTC 2022: 
 treemap.c | 2 +-
 1 file changed, 1 insertion(+), 1 deletion(-)
 tests:  0|0
b4bf308
Sat Apr 23 16:37:43 UTC 2022: 
 treemap.c | 2 +-
 1 file changed, 1 insertion(+), 1 deletion(-)
In file included from test.c:4:0:
treemap.c: In function ‘insertTreeMap’:
treemap.c:54:32: error: ‘TreeNode {aka struct TreeNode}’ has no member named ‘key’
     if(tree->lower_than(key,aux->key)==1)
                                ^~
Compilation failed
691548e
Sat Apr 23 16:39:27 UTC 2022: 
 treemap.c | 3 ++-
 1 file changed, 2 insertions(+), 1 deletion(-)
In file included from test.c:4:0:
treemap.c: In function ‘insertTreeMap’:
treemap.c:55:32: error: ‘TreeNode {aka struct TreeNode}’ has no member named ‘key’
     if(tree->lower_than(key,aux->key)== 1)
                                ^~
Compilation failed
9eb57a1
Sat Apr 23 16:39:36 UTC 2022: 
 treemap.c | 2 +-
 1 file changed, 1 insertion(+), 1 deletion(-)
 tests:  0|0
018d1f6
Sat Apr 23 16:39:50 UTC 2022: 
 treemap.c | 2 +-
 1 file changed, 1 insertion(+), 1 deletion(-)
In file included from test.c:4:0:
treemap.c: In function ‘insertTreeMap’:
treemap.c:55:32: error: ‘TreeNode {aka struct TreeNode}’ has no member named ‘key’
     if(tree->lower_than(key,aux->key)== 1)
                                ^~
Compilation failed
f06ed80
Sat Apr 23 16:45:26 UTC 2022: 
 treemap.c | 29 +++++++++++++++--------------
 1 file changed, 15 insertions(+), 14 deletions(-)
In file included from test.c:4:0:
treemap.c: In function ‘insertTreeMap’:
treemap.c:65:3: error: expected ‘;’ before ‘}’ token
   }
   ^
Compilation failed
aff23ff
Sat Apr 23 16:45:32 UTC 2022: 
 treemap.c | 2 +-
 1 file changed, 1 insertion(+), 1 deletion(-)
 tests:  11|6
total_score: 15/70
e1664d1
Sat Apr 23 16:47:29 UTC 2022: 
 treemap.c | 11 ++++++-----
 1 file changed, 6 insertions(+), 5 deletions(-)
In file included from test.c:4:0:
treemap.c: In function ‘insertTreeMap’:
treemap.c:55:12: error: passing argument 1 of ‘printf’ from incompatible pointer type [-Werror=incompatible-pointer-types]
     printf(node->parent)
            ^~~~
In file included from test.c:1:0:
/usr/include/stdio.h:318:12: note: expected ‘const char * restrict’ but argument is of type ‘TreeNode * {aka struct TreeNode *}’
 extern int printf (const char *__restrict __format, ...);
            ^~~~~~
In file included from test.c:4:0:
treemap.c:55:5: error: format not a string literal and no format arguments [-Werror=format-security]
     printf(node->parent)
     ^~~~~~
treemap.c:66:3: error: expected ‘;’ before ‘}’ token
   }
   ^
cc1: all warnings being treated as errors
Compilation failed
8b098c9
Sat Apr 23 16:47:32 UTC 2022: 
 treemap.c | 2 +-
 1 file changed, 1 insertion(+), 1 deletion(-)
In file included from test.c:4:0:
treemap.c: In function ‘insertTreeMap’:
treemap.c:55:12: error: passing argument 1 of ‘printf’ from incompatible pointer type [-Werror=incompatible-pointer-types]
     printf(node->parent);
            ^~~~
In file included from test.c:1:0:
/usr/include/stdio.h:318:12: note: expected ‘const char * restrict’ but argument is of type ‘TreeNode * {aka struct TreeNode *}’
 extern int printf (const char *__restrict __format, ...);
            ^~~~~~
In file included from test.c:4:0:
treemap.c:55:5: error: format not a string literal and no format arguments [-Werror=format-security]
     printf(node->parent);
     ^~~~~~
cc1: all warnings being treated as errors
Compilation failed
697f569
Sat Apr 23 16:48:48 UTC 2022: 
 treemap.c | 2 +-
 1 file changed, 1 insertion(+), 1 deletion(-)
In file included from test.c:4:0:
treemap.c: In function ‘insertTreeMap’:
treemap.c:55:5: error: aggregate value used where an integer was expected
     printf("key: %d \n",*(int)*node->pair-key);
     ^~~~~~
treemap.c:55:25: error: invalid type argument of unary ‘*’ (have ‘int’)
     printf("key: %d \n",*(int)*node->pair-key);
                         ^~~~~~~~~~~~~~~~~
Compilation failed
82fad04
Sat Apr 23 16:49:12 UTC 2022: 
 treemap.c | 2 +-
 1 file changed, 1 insertion(+), 1 deletion(-)
In file included from test.c:4:0:
treemap.c: In function ‘insertTreeMap’:
treemap.c:55:5: error: aggregate value used where an integer was expected
     printf("key: %d \n",*(int)*node->pair-key);
     ^~~~~~
treemap.c:55:25: error: invalid type argument of unary ‘*’ (have ‘int’)
     printf("key: %d \n",*(int)*node->pair-key);
                         ^~~~~~~~~~~~~~~~~
Compilation failed
21aa7d2
Sat Apr 23 16:49:42 UTC 2022: 
 treemap.c | 2 +-
 1 file changed, 1 insertion(+), 1 deletion(-)
In file included from test.c:4:0:
treemap.c: In function ‘insertTreeMap’:
treemap.c:55:42: error: invalid operands to binary - (have ‘int’ and ‘void *’)
     printf("key: %d \n",*(int*)node->pair-key);
                         ~~~~~~~~~~~~~~~~~^
Compilation failed
b81e95d
Sat Apr 23 16:49:49 UTC 2022: 
 treemap.c | 2 +-
 1 file changed, 1 insertion(+), 1 deletion(-)
 tests:  11|6
total_score: 15/70
98b9864
Sat Apr 23 16:52:28 UTC 2022: 
 treemap.c | 21 ++++++++++-----------
 1 file changed, 10 insertions(+), 11 deletions(-)
 tests:  0|0
2131ab4
Sat Apr 23 16:54:36 UTC 2022: 
 treemap.c | 2 +-
 1 file changed, 1 insertion(+), 1 deletion(-)
 tests:  0|0
19ce15b
Sat Apr 23 16:55:59 UTC 2022: 
 treemap.c | 1 -
 1 file changed, 1 deletion(-)
 tests:  0|0
66ccb5a
Sat Apr 23 17:04:35 UTC 2022: 
 treemap.c | 2 +-
 1 file changed, 1 insertion(+), 1 deletion(-)
 tests:  0|0
e2a3e54
Sat Apr 23 17:04:49 UTC 2022: 
 treemap.c | 4 ++--
 1 file changed, 2 insertions(+), 2 deletions(-)
 tests:  11|6
total_score: 15/70
e5cf22e
Sat Apr 23 17:05:09 UTC 2022: 
 treemap.c | 4 ++--
 1 file changed, 2 insertions(+), 2 deletions(-)
 tests:  11|6
total_score: 15/70
4be533a
Sat Apr 23 17:07:00 UTC 2022: 
 treemap.c | 3 ++-
 1 file changed, 2 insertions(+), 1 deletion(-)
 tests:  11|6
total_score: 15/70
b53df38
Sat Apr 23 17:07:57 UTC 2022: 
 treemap.c | 8 ++++----
 1 file changed, 4 insertions(+), 4 deletions(-)
 tests:  0|0
4a43f30
Sat Apr 23 17:12:42 UTC 2022: 
 treemap.c | 9 ++++++---
 1 file changed, 6 insertions(+), 3 deletions(-)
In file included from test.c:4:0:
treemap.c: In function ‘insertTreeMap’:
treemap.c:67:19: error: ‘node’ undeclared (first use in this function)
     tree->current=node;
                   ^~~~
treemap.c:67:19: note: each undeclared identifier is reported only once for each function it appears in
Compilation failed
bbf5d51
Sat Apr 23 17:13:08 UTC 2022: 
 treemap.c | 1 +
 1 file changed, 1 insertion(+)
 tests:  0|0
983fcd3
Sat Apr 23 17:13:42 UTC 2022: 
 treemap.c | 3 +--
 1 file changed, 1 insertion(+), 2 deletions(-)
 tests:  0|0
a88d457
Sat Apr 23 17:14:19 UTC 2022: 
 treemap.c | 34 +++++++++++++++++-----------------
 1 file changed, 17 insertions(+), 17 deletions(-)
 tests:  11|6
total_score: 15/70
5487079
Sat Apr 23 17:16:58 UTC 2022: 
 treemap.c | 2 +-
 1 file changed, 1 insertion(+), 1 deletion(-)
 tests:  11|6
total_score: 15/70
acc0f6f
Sat Apr 23 18:56:01 UTC 2022: 
 treemap.c | 7 +++++--
 1 file changed, 5 insertions(+), 2 deletions(-)
 tests:  0|0
0330b4b
Sat Apr 23 18:56:33 UTC 2022: 
 treemap.c | 7 ++-----
 1 file changed, 2 insertions(+), 5 deletions(-)
 tests:  11|6
total_score: 15/70
1b4e7e0
Sat Apr 23 19:09:06 UTC 2022: 
 treemap.c | 29 ++++++++++++-----------------
 1 file changed, 12 insertions(+), 17 deletions(-)
In file included from test.c:4:0:
treemap.c: In function ‘insertTreeMap’:
treemap.c:56:18: error: ‘node’ undeclared (first use in this function); did you mean ‘nodo’?
       aux->right=node;
                  ^~~~
                  nodo
treemap.c:56:18: note: each undeclared identifier is reported only once for each function it appears in
Compilation failed
761d8ad
Sat Apr 23 19:09:23 UTC 2022: 
 treemap.c | 6 +++---
 1 file changed, 3 insertions(+), 3 deletions(-)
 tests:  0|0
2af2fca
Sat Apr 23 19:12:25 UTC 2022: 
 treemap.c | 2 +-
 1 file changed, 1 insertion(+), 1 deletion(-)
 tests:  0|0
19c2173
Sat Apr 23 19:14:57 UTC 2022: 
 treemap.c | 8 ++++++--
 1 file changed, 6 insertions(+), 2 deletions(-)
 tests:  0|0
cfa7a66
Sat Apr 23 19:15:09 UTC 2022: 
 treemap.c | 18 +++++++++---------
 1 file changed, 9 insertions(+), 9 deletions(-)
 tests:  13|5
total_score: 15/70
b0f5d2e
Sat Apr 23 19:19:06 UTC 2022: 
 treemap.c | 4 +++-
 1 file changed, 3 insertions(+), 1 deletion(-)
In file included from test.c:4:0:
treemap.c: In function ‘firstTreeMap’:
treemap.c:121:18: error: implicit declaration of function ‘minimun’; did you mean ‘minimum’? [-Werror=implicit-function-declaration]
   TreeNode* node=minimun(tree->root);
                  ^~~~~~~
                  minimum
treemap.c:121:18: error: initialization makes pointer from integer without a cast [-Werror=int-conversion]
treemap.c:123:16: error: ‘TreeNode {aka struct TreeNode}’ has no member named ‘value’
     return node->value;
                ^~
treemap.c:124:1: error: control reaches end of non-void function [-Werror=return-type]
 }
 ^
cc1: all warnings being treated as errors
Compilation failed
f27f45c
Sat Apr 23 19:19:33 UTC 2022: 
 treemap.c | 2 +-
 1 file changed, 1 insertion(+), 1 deletion(-)
In file included from test.c:4:0:
treemap.c: In function ‘firstTreeMap’:
treemap.c:123:16: error: ‘TreeNode {aka struct TreeNode}’ has no member named ‘value’
     return node->value;
                ^~
treemap.c:124:1: error: control reaches end of non-void function [-Werror=return-type]
 }
 ^
cc1: all warnings being treated as errors
Compilation failed
561d009
Sat Apr 23 19:20:09 UTC 2022: 
 treemap.c | 3 +--
 1 file changed, 1 insertion(+), 2 deletions(-)
In file included from test.c:4:0:
treemap.c: In function ‘firstTreeMap’:
treemap.c:122:14: error: ‘TreeNode {aka struct TreeNode}’ has no member named ‘value’
   return node->value;
              ^~
treemap.c:123:1: error: control reaches end of non-void function [-Werror=return-type]
 }
 ^
cc1: all warnings being treated as errors
Compilation failed
8fb37b8
Sat Apr 23 19:20:58 UTC 2022: 
 treemap.c | 2 +-
 1 file changed, 1 insertion(+), 1 deletion(-)
In file included from test.c:4:0:
treemap.c: In function ‘firstTreeMap’:
treemap.c:122:14: error: ‘TreeNode {aka struct TreeNode}’ has no member named ‘value’
   return node->value;
              ^~
treemap.c:123:1: error: control reaches end of non-void function [-Werror=return-type]
 }
 ^
cc1: all warnings being treated as errors
Compilation failed
0586e2c
Sat Apr 23 19:21:20 UTC 2022: 
 treemap.c | 2 +-
 1 file changed, 1 insertion(+), 1 deletion(-)
 tests:  15|4
total_score: 20/70
23d9552
Sat Apr 23 19:28:34 UTC 2022: 
 treemap.c | 3 ++-
 1 file changed, 2 insertions(+), 1 deletion(-)
 tests:  0|0
2167ea4
Sat Apr 23 19:28:51 UTC 2022: 
 treemap.c | 2 +-
 1 file changed, 1 insertion(+), 1 deletion(-)
 tests:  0|0
69bf75c
Sat Apr 23 19:29:40 UTC 2022: 
 treemap.c | 2 +-
 1 file changed, 1 insertion(+), 1 deletion(-)
In file included from test.c:4:0:
treemap.c: In function ‘insertTreeMap’:
treemap.c:54:27: error: ‘TreeNode {aka struct TreeNode}’ has no member named ‘key’
     printf("%d",*(int*)aux->key);
                           ^~
Compilation failed
a795f2e
Sat Apr 23 19:29:52 UTC 2022: 
 treemap.c | 2 +-
 1 file changed, 1 insertion(+), 1 deletion(-)
 tests:  0|0
52418e8
Sat Apr 23 19:30:45 UTC 2022: 
 treemap.c | 2 +-
 1 file changed, 1 insertion(+), 1 deletion(-)
 tests:  15|4
total_score: 20/70
2fe03cc
Sat Apr 23 19:31:38 UTC 2022: 
 treemap.c | 20 ++++++++++----------
 1 file changed, 10 insertions(+), 10 deletions(-)
 tests:  0|0
d71f49f
Sat Apr 23 19:32:00 UTC 2022: 
 treemap.c | 2 +-
 1 file changed, 1 insertion(+), 1 deletion(-)
 tests:  0|0
95172f8
Sat Apr 23 19:32:27 UTC 2022: 
 treemap.c | 1 +
 1 file changed, 1 insertion(+)
In file included from test.c:4:0:
treemap.c: In function ‘insertTreeMap’:
treemap.c:54:24: error: ‘pair’ undeclared (first use in this function); did you mean ‘Pair’?
     printf("%d",*(int*)pair->key);
                        ^~~~
                        Pair
treemap.c:54:24: note: each undeclared identifier is reported only once for each function it appears in
Compilation failed
d63e66e
Sat Apr 23 19:32:37 UTC 2022: 
 treemap.c | 2 +-
 1 file changed, 1 insertion(+), 1 deletion(-)
 tests:  0|0
c782660
Sat Apr 23 19:32:52 UTC 2022: 
 treemap.c | 1 -
 1 file changed, 1 deletion(-)
 tests:  0|0
feb1fad
Sat Apr 23 20:07:07 UTC 2022: 
 treemap.c | 18 +++++++++---------
 1 file changed, 9 insertions(+), 9 deletions(-)
 tests:  15|4
total_score: 20/70
73dd231
Sat Apr 23 20:09:55 UTC 2022: 
 treemap.c | 18 ++++++++++++++++--
 1 file changed, 16 insertions(+), 2 deletions(-)
 tests:  0|0
f2e3bf0
Sat Apr 23 20:11:51 UTC 2022: 
 treemap.c | 6 ------
 1 file changed, 6 deletions(-)
 tests:  15|4
total_score: 20/70
0308487
Sat Apr 23 20:12:11 UTC 2022: 
 treemap.c | 4 ++--
 1 file changed, 2 insertions(+), 2 deletions(-)
 tests:  15|4
total_score: 20/70
47b9945
Sat Apr 23 20:13:20 UTC 2022: 
 treemap.c | 4 ++--
 1 file changed, 2 insertions(+), 2 deletions(-)
 tests:  15|4
total_score: 20/70
3013da6
Sat Apr 23 20:16:42 UTC 2022: 
 treemap.c | 12 ++----------
 1 file changed, 2 insertions(+), 10 deletions(-)
 tests:  15|4
total_score: 20/70
ee44f3c
Sat Apr 23 20:19:49 UTC 2022: 
 treemap.c | 8 ++++----
 1 file changed, 4 insertions(+), 4 deletions(-)
 tests:  0|0
7500f89
Sat Apr 23 20:24:21 UTC 2022: 
 treemap.c | 16 ++++++++--------
 1 file changed, 8 insertions(+), 8 deletions(-)
In file included from test.c:4:0:
treemap.c: In function ‘insertTreeMap’:
treemap.c:61:3: error: expected expression before ‘}’ token
   }
   ^
Compilation failed
f0f622e
Sat Apr 23 20:27:25 UTC 2022: 
 treemap.c | 18 +++++++++---------
 1 file changed, 9 insertions(+), 9 deletions(-)
 tests:  15|4
total_score: 20/70
5073262
Sat Apr 23 20:29:26 UTC 2022: 
 treemap.c | 35 ++++++++++++++++++-----------------
 1 file changed, 18 insertions(+), 17 deletions(-)
 tests:  15|4
total_score: 20/70
0df642d
Sun Apr 24 02:29:52 UTC 2022: 
 treemap.c | 35 +++++++++++++++++------------------
 1 file changed, 17 insertions(+), 18 deletions(-)
 tests:  15|4
total_score: 20/70
06b1801
Sun Apr 24 02:31:20 UTC 2022: 
 treemap.c | 8 ++++----
 1 file changed, 4 insertions(+), 4 deletions(-)
 tests:  15|4
total_score: 20/70
a84a373
Sun Apr 24 02:31:45 UTC 2022: 
 treemap.c | 4 ++--
 1 file changed, 2 insertions(+), 2 deletions(-)
 tests:  15|4
total_score: 20/70
3f326ca
Sun Apr 24 02:36:18 UTC 2022: 
 treemap.c | 18 +-----------------
 1 file changed, 1 insertion(+), 17 deletions(-)
 tests:  15|4
total_score: 20/70
718e015
Sun Apr 24 03:41:25 UTC 2022: 
 treemap.c | 26 +++++++++++++++++++++++++-
 1 file changed, 25 insertions(+), 1 deletion(-)
test.c: In function ‘insertTreeMap’:
test.c:503:5: error: ‘main’ is normally a non-static function [-Werror=main]
 int main( int argc, char *argv[] ) {
     ^~~~
test.c:606:1: error: expected declaration or statement at end of input
 }
 ^
In file included from test.c:4:0:
treemap.c:50:13: error: unused variable ‘n’ [-Werror=unused-variable]
   TreeNode* n;
             ^
At top level:
test.c:503:5: error: ‘main’ defined but not used [-Werror=unused-function]
 int main( int argc, char *argv[] ) {
     ^~~~
cc1: all warnings being treated as errors
Compilation failed
7bdb33d
Sun Apr 24 03:50:34 UTC 2022: 
 treemap.c | 13 ++++++++-----
 1 file changed, 8 insertions(+), 5 deletions(-)
In file included from test.c:4:0:
treemap.c: In function ‘insertTreeMap’:
treemap.c:50:13: error: unused variable ‘n’ [-Werror=unused-variable]
   TreeNode* n;
             ^
cc1: all warnings being treated as errors
Compilation failed
459ed5f
Sun Apr 24 03:52:41 UTC 2022: 
 treemap.c | 35 ++++++++++++++++++++++++-----------
 1 file changed, 24 insertions(+), 11 deletions(-)
 tests:  15|4
total_score: 20/70
2fe99cb
Sun Apr 24 03:52:45 UTC 2022: 
 treemap.c | 2 +-
 1 file changed, 1 insertion(+), 1 deletion(-)
 tests:  17|3
total_score: 30/70
5014bd5
Sun Apr 24 03:55:31 UTC 2022: 
 treemap.c | 2 --
 1 file changed, 2 deletions(-)
 tests:  16|4
total_score: 20/70
56e02a5
Sun Apr 24 03:55:53 UTC 2022: 
 treemap.c | 1 +
 1 file changed, 1 insertion(+)
 tests:  15|4
total_score: 20/70
db35e33
Sun Apr 24 03:56:14 UTC 2022: 
 treemap.c | 3 ++-
 1 file changed, 2 insertions(+), 1 deletion(-)
 tests:  15|4
total_score: 20/70
aeb5f68
Sun Apr 24 03:56:38 UTC 2022: 
 treemap.c | 2 +-
 1 file changed, 1 insertion(+), 1 deletion(-)
 tests:  15|4
total_score: 20/70
972d583
Sun Apr 24 03:56:45 UTC 2022: 
 treemap.c | 1 +
 1 file changed, 1 insertion(+)
 tests:  15|4
total_score: 20/70
385f814
Sun Apr 24 03:58:06 UTC 2022: 
 treemap.c | 11 +++++++----
 1 file changed, 7 insertions(+), 4 deletions(-)
 tests:  17|3
total_score: 30/70
a18072e
Sun Apr 24 04:03:31 UTC 2022: 
 treemap.c | 32 ++++++++++++++------------------
 1 file changed, 14 insertions(+), 18 deletions(-)
In file included from test.c:4:0:
treemap.c: In function ‘insertTreeMap’:
treemap.c:52:3: error: ‘aux’ undeclared (first use in this function)
   aux=tree->current;
   ^~~
treemap.c:52:3: note: each undeclared identifier is reported only once for each function it appears in
Compilation failed
f6f3c0d
Sun Apr 24 04:03:48 UTC 2022: 
 treemap.c | 2 +-
 1 file changed, 1 insertion(+), 1 deletion(-)
 tests:  16|4
total_score: 20/70
91f489e
Sun Apr 24 04:04:14 UTC 2022: 
 treemap.c | 27 +++++++++++++--------------
 1 file changed, 13 insertions(+), 14 deletions(-)
 tests:  17|3
total_score: 30/70
6640660
Sun Apr 24 04:29:43 UTC 2022: 
 treemap.c | 3 ++-
 1 file changed, 2 insertions(+), 1 deletion(-)
In file included from test.c:4:0:
treemap.c: In function ‘insertTreeMap’:
treemap.c:73:7: error: ‘else’ without a previous ‘if’
       else
       ^~~~
Compilation failed
83e8204
Sun Apr 24 04:29:51 UTC 2022: 
 treemap.c | 3 +--
 1 file changed, 1 insertion(+), 2 deletions(-)
 tests:  17|3
total_score: 30/70
ed52d9c
Sun Apr 24 04:33:29 UTC 2022: 
 treemap.c | 38 ++++++++++++++++++++++++++++++++------
 1 file changed, 32 insertions(+), 6 deletions(-)
 tests:  17|3
total_score: 30/70
371e253
Sun Apr 24 04:33:50 UTC 2022: 
 treemap.c | 22 ----------------------
 1 file changed, 22 deletions(-)
 tests:  17|3
total_score: 30/70
dca3dc6
Sun Apr 24 04:35:49 UTC 2022: 
 treemap.c | 7 ++-----
 1 file changed, 2 insertions(+), 5 deletions(-)
 tests:  17|3
total_score: 30/70
cae90dc
Sun Apr 24 04:36:56 UTC 2022: 
 treemap.c | 4 +++-
 1 file changed, 3 insertions(+), 1 deletion(-)
 tests:  17|3
total_score: 30/70
a84c408
Sun Apr 24 05:00:20 UTC 2022: 
 treemap.c | 14 ++++++++++++--
 1 file changed, 12 insertions(+), 2 deletions(-)
In file included from test.c:4:0:
treemap.c: In function ‘nextTreeMap’:
treemap.c:156:1: error: control reaches end of non-void function [-Werror=return-type]
 }
 ^
cc1: all warnings being treated as errors
Compilation failed
c7e2b10
Sun Apr 24 05:00:30 UTC 2022: 
 treemap.c | 6 +++---
 1 file changed, 3 insertions(+), 3 deletions(-)
In file included from test.c:4:0:
treemap.c: In function ‘nextTreeMap’:
treemap.c:156:1: error: control reaches end of non-void function [-Werror=return-type]
 }
 ^
cc1: all warnings being treated as errors
Compilation failed
9f4138c
Sun Apr 24 05:01:17 UTC 2022: 
 treemap.c | 4 ++++
 1 file changed, 4 insertions(+)
In file included from test.c:4:0:
treemap.c: In function ‘nextTreeMap’:
treemap.c:160:1: error: control reaches end of non-void function [-Werror=return-type]
 }
 ^
cc1: all warnings being treated as errors
Compilation failed
37b0931
Sun Apr 24 05:09:26 UTC 2022: 
 treemap.c | 12 ++++++++----
 1 file changed, 8 insertions(+), 4 deletions(-)
In file included from test.c:4:0:
treemap.c: In function ‘nextTreeMap’:
treemap.c:157:5: error: ‘next’ undeclared (first use in this function); did you mean ‘exit’?
     next=tree->current->parent;
     ^~~~
     exit
treemap.c:157:5: note: each undeclared identifier is reported only once for each function it appears in
treemap.c:164:1: error: control reaches end of non-void function [-Werror=return-type]
 }
 ^
cc1: all warnings being treated as errors
Compilation failed
ea3a115
Sun Apr 24 05:10:14 UTC 2022: 
 treemap.c | 2 +-
 1 file changed, 1 insertion(+), 1 deletion(-)
In file included from test.c:4:0:
treemap.c: In function ‘nextTreeMap’:
treemap.c:164:1: error: control reaches end of non-void function [-Werror=return-type]
 }
 ^
cc1: all warnings being treated as errors
Compilation failed
daa7f9a
Sun Apr 24 05:11:46 UTC 2022: 
 treemap.c | 1 +
 1 file changed, 1 insertion(+)
 tests:  22|2
total_score: 45/70
fff7557
Sun Apr 24 05:25:34 UTC 2022: 
 treemap.c | 6 +-----
 1 file changed, 1 insertion(+), 5 deletions(-)
 tests:  0|0
5e70cef
Sun Apr 24 05:26:58 UTC 2022: 
 treemap.c | 2 +-
 1 file changed, 1 insertion(+), 1 deletion(-)
 tests:  19|3
total_score: 35/70
cd2993a
Sun Apr 24 17:55:21 UTC 2022: 
 treemap.c | 6 +++++-
 1 file changed, 5 insertions(+), 1 deletion(-)
 tests:  22|2
total_score: 45/70
3dc8fa0
Sun Apr 24 17:55:47 UTC 2022: 
 treemap.c | 8 ++++----
 1 file changed, 4 insertions(+), 4 deletions(-)
 tests:  0|0
e30f064
Sun Apr 24 17:58:39 UTC 2022: 
 treemap.c | 10 +++++-----
 1 file changed, 5 insertions(+), 5 deletions(-)
 tests:  19|3
total_score: 35/70
a4be284
Sun Apr 24 17:59:00 UTC 2022: 
 treemap.c | 2 +-
 1 file changed, 1 insertion(+), 1 deletion(-)
 tests:  22|2
total_score: 45/70
246fdf2
Sun Apr 24 18:10:51 UTC 2022: 
 treemap.c | 8 +++++++-
 1 file changed, 7 insertions(+), 1 deletion(-)
 tests:  23|2
total_score: 45/70
b73025f
Sun Apr 24 18:11:10 UTC 2022: 
 treemap.c | 8 ++++----
 1 file changed, 4 insertions(+), 4 deletions(-)
In file included from test.c:4:0:
treemap.c: In function ‘upperBound’:
treemap.c:137:9: error: unused variable ‘aux’ [-Werror=unused-variable]
   Pair* aux=searchTreeMap(tree,key);
         ^~~
cc1: all warnings being treated as errors
Compilation failed
f2e37ee
Sun Apr 24 18:11:16 UTC 2022: 
 treemap.c | 2 +-
 1 file changed, 1 insertion(+), 1 deletion(-)
 tests:  22|2
total_score: 45/70
293f463
Sun Apr 24 18:11:28 UTC 2022: 
 treemap.c | 10 +++++-----
 1 file changed, 5 insertions(+), 5 deletions(-)
 tests:  23|2
total_score: 45/70
9187ce6
Sun Apr 24 18:11:46 UTC 2022: 
 treemap.c | 3 +++
 1 file changed, 3 insertions(+)
 tests:  23|2
total_score: 45/70
95b5c4b
Sun Apr 24 19:26:40 UTC 2022: 
 treemap.c | 12 +++++++++++-
 1 file changed, 11 insertions(+), 1 deletion(-)
In file included from test.c:4:0:
treemap.c: In function ‘upperBound’:
treemap.c:148:14: error: ‘Pair {aka struct Pair}’ has no member named ‘right’
       aux=aux->right;
              ^~
treemap.c:152:14: error: ‘Pair {aka struct Pair}’ has no member named ‘left’
       aux=aux->left;
              ^~
treemap.c:155:3: error: ‘return’ with no value, in function returning non-void [-Werror]
   return;
   ^~~~~~
treemap.c:135:8: note: declared here
 Pair * upperBound(TreeMap * tree, void* key)
        ^~~~~~~~~~
cc1: all warnings being treated as errors
Compilation failed
3f5ff27
Sun Apr 24 20:16:46 UTC 2022: 
 treemap.c | 3 +--
 1 file changed, 1 insertion(+), 2 deletions(-)
In file included from test.c:4:0:
treemap.c: In function ‘upperBound’:
treemap.c:152:14: error: ‘Pair {aka struct Pair}’ has no member named ‘left’
       aux=aux->left;
              ^~
treemap.c:155:1: error: control reaches end of non-void function [-Werror=return-type]
 }
 ^
cc1: all warnings being treated as errors
Compilation failed
b86bf6e
Sun Apr 24 20:19:38 UTC 2022: 
 treemap.c | 6 ------
 1 file changed, 6 deletions(-)
In file included from test.c:4:0:
treemap.c: In function ‘upperBound’:
treemap.c:149:1: error: control reaches end of non-void function [-Werror=return-type]
 }
 ^
cc1: all warnings being treated as errors
Compilation failed
546dbda
Sun Apr 24 20:20:56 UTC 2022: 
 treemap.c | 4 ++++
 1 file changed, 4 insertions(+)
 tests:  23|2
total_score: 45/70
dd94ef1
Sun Apr 24 20:23:27 UTC 2022: 
 treemap.c | 6 ++++--
 1 file changed, 4 insertions(+), 2 deletions(-)
In file included from test.c:4:0:
treemap.c: In function ‘upperBound’:
treemap.c:147:12: error: assignment from incompatible pointer type [-Werror=incompatible-pointer-types]
       dato = tree->current->pair;
            ^
treemap.c:153:12: error: return from incompatible pointer type [-Werror=incompatible-pointer-types]
     return dato;
            ^~~~
cc1: all warnings being treated as errors
Compilation failed
bd18042
Sun Apr 24 20:23:43 UTC 2022: 
 treemap.c | 2 +-
 1 file changed, 1 insertion(+), 1 deletion(-)
In file included from test.c:4:0:
treemap.c: In function ‘upperBound’:
treemap.c:147:12: error: assignment from incompatible pointer type [-Werror=incompatible-pointer-types]
       dato = tree->current->pair;
            ^
treemap.c:153:5: error: ‘return’ with no value, in function returning non-void [-Werror]
     return;
     ^~~~~~
treemap.c:135:8: note: declared here
 Pair * upperBound(TreeMap * tree, void* key)
        ^~~~~~~~~~
treemap.c:138:13: error: variable ‘dato’ set but not used [-Werror=unused-but-set-variable]
   TreeNode* dato;
             ^~~~
cc1: all warnings being treated as errors
Compilation failed
aa8fcaf
Sun Apr 24 20:23:51 UTC 2022: 
 treemap.c | 3 +--
 1 file changed, 1 insertion(+), 2 deletions(-)
In file included from test.c:4:0:
treemap.c: In function ‘upperBound’:
treemap.c:147:12: error: assignment from incompatible pointer type [-Werror=incompatible-pointer-types]
       dato = tree->current->pair;
            ^
treemap.c:138:13: error: variable ‘dato’ set but not used [-Werror=unused-but-set-variable]
   TreeNode* dato;
             ^~~~
treemap.c:154:1: error: control reaches end of non-void function [-Werror=return-type]
 }
 ^
cc1: all warnings being treated as errors
Compilation failed
2e89064
Sun Apr 24 20:26:07 UTC 2022: 
 treemap.c | 27 +++++++++++++++++++--------
 1 file changed, 19 insertions(+), 8 deletions(-)
 tests:  23|2
total_score: 45/70
2559b13
Sun Apr 24 20:29:10 UTC 2022: 
 treemap.c | 25 +++++--------------------
 1 file changed, 5 insertions(+), 20 deletions(-)
In file included from test.c:4:0:
treemap.c: In function ‘upperBound’:
treemap.c:138:11: error: expected expression before ‘=’ token
   if(aux!==NULL)
           ^
treemap.c:150:1: error: control reaches end of non-void function [-Werror=return-type]
 }
 ^
cc1: all warnings being treated as errors
Compilation failed
56b7796
Sun Apr 24 20:29:38 UTC 2022: 
 treemap.c | 2 +-
 1 file changed, 1 insertion(+), 1 deletion(-)
In file included from test.c:4:0:
treemap.c: In function ‘upperBound’:
treemap.c:138:11: error: expected expression before ‘=’ token
   if(aux!==NULL)
           ^
treemap.c:150:1: error: control reaches end of non-void function [-Werror=return-type]
 }
 ^
cc1: all warnings being treated as errors
Compilation failed
2ff4534
